  02_CubeTexture.cpp
C:\Users\nicol\Desktop\GAME2012_Final-main\GAME2012_Final-main\GAME2012_W10_Lecture\FirstExample\Shape.h(55,21): warning C4018: '<': signed/unsigned mismatch
C:\Users\nicol\Desktop\GAME2012_Final-main\GAME2012_Final-main\GAME2012_W10_Lecture\FirstExample\Shape.h(67,21): warning C4018: '<': signed/unsigned mismatch
C:\Users\nicol\Desktop\GAME2012_Final-main\GAME2012_Final-main\GAME2012_W10_Lecture\FirstExample\Shape.h(110,21): warning C4018: '<': signed/unsigned mismatch
C:\Users\nicol\Desktop\GAME2012_Final-main\GAME2012_Final-main\GAME2012_W10_Lecture\FirstExample\Shape.h(128,30): warning C4244: 'argument': conversion from 'int' to 'const _Ty', possible loss of data
          with
          [
              _Ty=GLfloat
          ]
C:\Users\nicol\Desktop\GAME2012_Final-main\GAME2012_Final-main\GAME2012_W10_Lecture\FirstExample\Shape.h(129,30): warning C4244: 'argument': conversion from 'int' to 'const _Ty', possible loss of data
          with
          [
              _Ty=GLfloat
          ]
C:\Users\nicol\Desktop\GAME2012_Final-main\GAME2012_Final-main\GAME2012_W10_Lecture\FirstExample\Shape.h(166,21): warning C4018: '<': signed/unsigned mismatch
C:\Users\nicol\Desktop\GAME2012_Final-main\GAME2012_Final-main\GAME2012_W10_Lecture\FirstExample\Shape.h(3648,1): warning C4244: '+=': conversion from 'double' to 'float', possible loss of data
C:\Users\nicol\Desktop\GAME2012_Final-main\GAME2012_Final-main\GAME2012_W10_Lecture\FirstExample\Shape.h(3659,1): warning C4244: '+=': conversion from 'double' to 'float', possible loss of data
C:\Users\nicol\Desktop\GAME2012_Final-main\GAME2012_Final-main\GAME2012_W10_Lecture\FirstExample\Shape.h(3757,1): warning C4244: '+=': conversion from 'double' to 'float', possible loss of data
C:\Users\nicol\Desktop\GAME2012_Final-main\GAME2012_Final-main\GAME2012_W10_Lecture\FirstExample\Shape.h(3782,21): warning C4018: '<': signed/unsigned mismatch
C:\Users\nicol\Desktop\GAME2012_Final-main\GAME2012_Final-main\GAME2012_W10_Lecture\FirstExample\02_CubeTexture.cpp(371,33): warning C4305: 'argument': truncation from 'double' to 'GLclampf'
  FirstExample.vcxproj -> C:\Users\nicol\Desktop\GAME2012_Final-main\GAME2012_Final-main\GAME2012_W10_Lecture\Debug\FirstExample.exe
